[2023-11-18 20:52:54.758][mysql-con][000346][MYSQL][]
SHOW VARIABLES LIKE 'lower_case_%'; SHOW VARIABLES LIKE 'sql_mode'; SELECT COUNT(*) AS support_ndb FROM information_schema.ENGINES WHERE Engine = 'ndbcluster'

[2023-11-18 20:52:54.765][mysql-con][000346][MYSQL][]
SELECT SCHEMA_NAME, DEFAULT_CHARACTER_SET_NAME, DEFAULT_COLLATION_NAME FROM information_schema.SCHEMATA

[2023-11-18 20:52:56.026][mysql-con][000346][MYSQL][]
SELECT COUNT(*) FROM information_schema.TABLES WHERE TABLE_SCHEMA = 'booksdb1' UNION SELECT COUNT(*) FROM information_schema.COLUMNS WHERE TABLE_SCHEMA = 'booksdb1' UNION SELECT COUNT(*) FROM information_schema.ROUTINES WHERE ROUTINE_SCHEMA = 'booksdb1'

[2023-11-18 20:52:56.03][mysql-con][000346][MYSQL][]
SELECT TABLE_SCHEMA, TABLE_NAME, TABLE_TYPE FROM information_schema.TABLES WHERE TABLE_SCHEMA = 'booksdb1' ORDER BY TABLE_SCHEMA, TABLE_TYPE

[2023-11-18 20:52:56.031][mysql-con][000346][MYSQL][]
SELECT TABLE_SCHEMA, TABLE_NAME, COLUMN_NAME, COLUMN_TYPE FROM information_schema.COLUMNS WHERE TABLE_SCHEMA = 'booksdb1' ORDER BY TABLE_SCHEMA, TABLE_NAME

[2023-11-18 20:52:56.033][mysql-con][000346][MYSQL][]
SELECT DISTINCT ROUTINE_SCHEMA, ROUTINE_NAME, PARAMS.PARAMETER FROM information_schema.ROUTINES LEFT JOIN ( SELECT SPECIFIC_SCHEMA, SPECIFIC_NAME, GROUP_CONCAT(CONCAT(DATA_TYPE, ' ', PARAMETER_NAME) ORDER BY ORDINAL_POSITION SEPARATOR ', ') PARAMETER, ROUTINE_TYPE FROM information_schema.PARAMETERS GROUP BY SPECIFIC_SCHEMA, SPECIFIC_NAME, ROUTINE_TYPE ) PARAMS ON ROUTINES.ROUTINE_SCHEMA = PARAMS.SPECIFIC_SCHEMA AND ROUTINES.ROUTINE_NAME = PARAMS.SPECIFIC_NAME AND ROUTINES.ROUTINE_TYPE = PARAMS.ROUTINE_TYPE WHERE ROUTINE_SCHEMA = 'booksdb1' ORDER BY ROUTINE_SCHEMA

[2023-11-18 20:52:56.063][mysql-con][000346][MYSQL][]
SHOW FULL TABLES WHERE Table_type != 'VIEW'

[2023-11-18 20:52:56.065][mysql-con][000346][MYSQL][]
SHOW TABLE STATUS

[2023-11-18 20:53:09.644][mysql-con][000346][MYSQL][]
SELECT COUNT(*) FROM information_schema.TABLES WHERE TABLE_SCHEMA = 'booksdb2' UNION SELECT COUNT(*) FROM information_schema.COLUMNS WHERE TABLE_SCHEMA = 'booksdb2' UNION SELECT COUNT(*) FROM information_schema.ROUTINES WHERE ROUTINE_SCHEMA = 'booksdb2'

[2023-11-18 20:53:09.647][mysql-con][000346][MYSQL][]
SELECT TABLE_SCHEMA, TABLE_NAME, TABLE_TYPE FROM information_schema.TABLES WHERE TABLE_SCHEMA = 'booksdb2' ORDER BY TABLE_SCHEMA, TABLE_TYPE

[2023-11-18 20:53:09.648][mysql-con][000346][MYSQL][]
SELECT TABLE_SCHEMA, TABLE_NAME, COLUMN_NAME, COLUMN_TYPE FROM information_schema.COLUMNS WHERE TABLE_SCHEMA = 'booksdb2' ORDER BY TABLE_SCHEMA, TABLE_NAME

[2023-11-18 20:53:09.65][mysql-con][000346][MYSQL][]
SELECT DISTINCT ROUTINE_SCHEMA, ROUTINE_NAME, PARAMS.PARAMETER FROM information_schema.ROUTINES LEFT JOIN ( SELECT SPECIFIC_SCHEMA, SPECIFIC_NAME, GROUP_CONCAT(CONCAT(DATA_TYPE, ' ', PARAMETER_NAME) ORDER BY ORDINAL_POSITION SEPARATOR ', ') PARAMETER, ROUTINE_TYPE FROM information_schema.PARAMETERS GROUP BY SPECIFIC_SCHEMA, SPECIFIC_NAME, ROUTINE_TYPE ) PARAMS ON ROUTINES.ROUTINE_SCHEMA = PARAMS.SPECIFIC_SCHEMA AND ROUTINES.ROUTINE_NAME = PARAMS.SPECIFIC_NAME AND ROUTINES.ROUTINE_TYPE = PARAMS.ROUTINE_TYPE WHERE ROUTINE_SCHEMA = 'booksdb2' ORDER BY ROUTINE_SCHEMA

[2023-11-18 20:53:09.683][mysql-con][000346][MYSQL][]
SHOW FULL TABLES WHERE Table_type != 'VIEW'

[2023-11-18 20:53:09.685][mysql-con][000346][MYSQL][]
SHOW TABLE STATUS

[2023-11-18 20:53:13.688][mysql-con][000346][MYSQL][]
SELECT COUNT(*) FROM information_schema.TABLES WHERE TABLE_SCHEMA = 'booksdb3' UNION SELECT COUNT(*) FROM information_schema.COLUMNS WHERE TABLE_SCHEMA = 'booksdb3' UNION SELECT COUNT(*) FROM information_schema.ROUTINES WHERE ROUTINE_SCHEMA = 'booksdb3'

[2023-11-18 20:53:13.69][mysql-con][000346][MYSQL][]
SELECT TABLE_SCHEMA, TABLE_NAME, TABLE_TYPE FROM information_schema.TABLES WHERE TABLE_SCHEMA = 'booksdb3' ORDER BY TABLE_SCHEMA, TABLE_TYPE

[2023-11-18 20:53:13.691][mysql-con][000346][MYSQL][]
SELECT TABLE_SCHEMA, TABLE_NAME, COLUMN_NAME, COLUMN_TYPE FROM information_schema.COLUMNS WHERE TABLE_SCHEMA = 'booksdb3' ORDER BY TABLE_SCHEMA, TABLE_NAME

[2023-11-18 20:53:13.693][mysql-con][000346][MYSQL][]
SELECT DISTINCT ROUTINE_SCHEMA, ROUTINE_NAME, PARAMS.PARAMETER FROM information_schema.ROUTINES LEFT JOIN ( SELECT SPECIFIC_SCHEMA, SPECIFIC_NAME, GROUP_CONCAT(CONCAT(DATA_TYPE, ' ', PARAMETER_NAME) ORDER BY ORDINAL_POSITION SEPARATOR ', ') PARAMETER, ROUTINE_TYPE FROM information_schema.PARAMETERS GROUP BY SPECIFIC_SCHEMA, SPECIFIC_NAME, ROUTINE_TYPE ) PARAMS ON ROUTINES.ROUTINE_SCHEMA = PARAMS.SPECIFIC_SCHEMA AND ROUTINES.ROUTINE_NAME = PARAMS.SPECIFIC_NAME AND ROUTINES.ROUTINE_TYPE = PARAMS.ROUTINE_TYPE WHERE ROUTINE_SCHEMA = 'booksdb3' ORDER BY ROUTINE_SCHEMA

[2023-11-18 20:53:13.723][mysql-con][000346][MYSQL][]
SHOW FULL TABLES WHERE Table_type != 'VIEW'

[2023-11-18 20:53:13.725][mysql-con][000346][MYSQL][]
SHOW TABLE STATUS

[2023-11-18 20:54:26.26][mysql-con][000346][MYSQL][]
SHOW INDEX FROM `books`

[2023-11-18 20:54:26.264][mysql-con][000346][MYSQL][]
SHOW CREATE TABLE `books` 

[2023-11-18 20:54:26.265][mysql-con][000346][MYSQL][]
SHOW FULL COLUMNS FROM `books`

